<?xml version="1.0" encoding="UTF-8"?>
<!-- Generated by org.testng.reporters.JUnitReportReporter -->
<testsuite hostname="LAPTOP-0LES13GO" failures="0" tests="1" name="com.myapplication.testcases.LoginPageTests" time="16.717" errors="0" timestamp="2021-06-27T16:14:16 IST" skipped="0">
  <testcase classname="com.myapplication.testcases.LoginPageTests" name="verifyInvalidLogin" time="16.717"/>
  <system-out/>
</testsuite> <!-- com.myapplication.testcases.LoginPageTests -->
